TN:
SF:script/core/DeployCollateralManager.s.sol
DA:9,0
FN:9,DeployCollateralManager.run
FNDA:0,DeployCollateralManager.run
DA:10,0
DA:12,0
DA:14,0
DA:16,0
DA:18,0
DA:19,0
DA:21,0
DA:22,0
FNF:1
FNH:0
LF:9
LH:0
BRF:0
BRH:0
end_of_record
TN:
SF:script/core/DeployInterestRateModel.s.sol
DA:8,0
FN:8,DeployInterestRateModel.run
FNDA:0,DeployInterestRateModel.run
DA:9,0
DA:11,0
DA:12,0
DA:13,0
DA:15,0
FNF:1
FNH:0
LF:6
LH:0
BRF:0
BRH:0
end_of_record
TN:
SF:script/core/DeployLendingCoreV1.s.sol
DA:9,0
FN:9,DeployLendingCoreV1.run
FNDA:0,DeployLendingCoreV1.run
DA:10,0
DA:11,0
DA:13,0
DA:14,0
DA:15,0
DA:16,0
DA:17,0
DA:18,0
DA:19,0
DA:21,0
DA:23,0
DA:25,0
DA:27,0
DA:28,0
DA:30,0
DA:31,0
FNF:1
FNH:0
LF:17
LH:0
BRF:0
BRH:0
end_of_record
TN:
SF:script/core/DeployPriceOracle.s.sol
DA:8,0
FN:8,DeployPriceOracle.run
FNDA:0,DeployPriceOracle.run
DA:9,0
DA:11,0
DA:12,0
DA:13,0
DA:15,0
FNF:1
FNH:0
LF:6
LH:0
BRF:0
BRH:0
end_of_record
TN:
SF:script/mocks/DeployMockERC20.s.sol
DA:8,0
FN:8,DeployMockERC20Script.run
FNDA:0,DeployMockERC20Script.run
DA:9,0
DA:10,0
DA:11,0
DA:13,0
DA:15,0
DA:17,0
DA:18,0
DA:19,0
DA:20,0
DA:22,0
FNF:1
FNH:0
LF:11
LH:0
BRF:0
BRH:0
end_of_record
TN:
SF:script/tellor/DeployTellorPlayground.s.sol
DA:8,0
FN:8,DeployTellorPlayground.run
FNDA:0,DeployTellorPlayground.run
DA:9,0
DA:10,0
DA:11,0
DA:13,0
FNF:1
FNH:0
LF:5
LH:0
BRF:0
BRH:0
end_of_record
TN:
SF:script/tellor/DeployTellorUser.s.sol
DA:8,0
FN:8,DeployTellorUser.run
FNDA:0,DeployTellorUser.run
DA:10,0
DA:11,0
DA:12,0
DA:14,0
DA:15,0
DA:16,0
DA:18,0
DA:19,0
FNF:1
FNH:0
LF:9
LH:0
BRF:0
BRH:0
end_of_record
TN:
SF:src/core/CollateralManager.sol
DA:16,26
FN:16,CollateralManager.constructor
FNDA:26,CollateralManager.constructor
DA:17,26
DA:20,26
FN:20,CollateralManager.initialize
FNDA:26,CollateralManager.initialize
DA:21,26
DA:22,26
DA:25,0
FN:25,CollateralManager._authorizeUpgrade
FNDA:0,CollateralManager._authorizeUpgrade
DA:28,12
FN:28,CollateralManager.deposit
FNDA:12,CollateralManager.deposit
DA:29,12
DA:32,4
FN:32,CollateralManager.withdraw
FNDA:4,CollateralManager.withdraw
DA:33,4
DA:40,12
FN:40,CollateralManager.addCollateralToken
FNDA:12,CollateralManager.addCollateralToken
DA:41,12
DA:42,12
DA:50,1
FN:50,CollateralManager.removeCollateralToken
FNDA:1,CollateralManager.removeCollateralToken
DA:51,1
DA:52,1
DA:53,1
BRDA:53,0,0,1
DA:54,1
DA:55,1
DA:58,1
DA:61,1
DA:65,1
DA:74,16
FN:74,CollateralManager.getDepositedCollateral
FNDA:16,CollateralManager.getDepositedCollateral
DA:75,16
FNF:8
FNH:7
LF:24
LH:23
BRF:1
BRH:1
end_of_record
TN:
SF:src/core/InterestRateModel.sol
DA:25,23
FN:25,InterestRateModel.constructor
FNDA:23,InterestRateModel.constructor
DA:27,23
DA:28,23
DA:29,23
DA:30,23
DA:34,1
FN:34,InterestRateModel.setBaseRatePerDayBPS
FNDA:1,InterestRateModel.setBaseRatePerDayBPS
DA:35,1
DA:36,1
DA:39,2
FN:39,InterestRateModel.setSlope1
FNDA:2,InterestRateModel.setSlope1
DA:40,2
DA:41,2
DA:44,0
FN:44,InterestRateModel.setSlope2
FNDA:0,InterestRateModel.setSlope2
DA:45,0
DA:46,0
DA:49,1
FN:49,InterestRateModel.setKink
FNDA:1,InterestRateModel.setKink
DA:50,1
BRDA:50,0,0,-
BRDA:50,0,1,1
DA:51,1
DA:52,1
DA:61,6
FN:61,InterestRateModel.getBorrowRateBPS
FNDA:6,InterestRateModel.getBorrowRateBPS
DA:62,6
DA:64,6
DA:65,6
BRDA:65,1,0,6
BRDA:65,1,1,-
DA:66,6
DA:68,0
DA:69,0
DA:72,6
FNF:6
FNH:5
LF:26
LH:21
BRF:4
BRH:2
end_of_record
TN:
SF:src/core/LendingCoreV1.sol
DA:105,18
FN:105,LendingCoreV1.constructor
FNDA:18,LendingCoreV1.constructor
DA:106,18
DA:109,18
FN:109,LendingCoreV1.initialize
FNDA:18,LendingCoreV1.initialize
DA:110,18
DA:111,18
DA:112,18
DA:114,18
DA:115,18
DA:116,18
DA:117,18
DA:118,18
DA:119,18
DA:120,18
DA:123,1
FN:123,LendingCoreV1._authorizeUpgrade
FNDA:1,LendingCoreV1._authorizeUpgrade
DA:131,12
FN:131,LendingCoreV1.depositCollateral
FNDA:12,LendingCoreV1.depositCollateral
DA:132,11
BRDA:132,0,0,1
BRDA:132,0,1,10
DA:133,10
BRDA:133,1,0,1
BRDA:133,1,1,9
DA:134,9
BRDA:134,2,0,1
BRDA:134,2,1,8
DA:136,8
DA:137,8
DA:139,8
DA:147,2
FN:147,LendingCoreV1.withdrawCollateral
FNDA:2,LendingCoreV1.withdrawCollateral
DA:148,2
DA:150,2
BRDA:150,3,0,-
BRDA:150,3,1,2
DA:151,2
BRDA:151,4,0,-
BRDA:151,4,1,2
DA:152,2
BRDA:152,5,0,-
BRDA:152,5,1,2
DA:153,2
BRDA:153,6,0,1
BRDA:153,6,1,1
DA:155,1
DA:156,1
DA:157,1
BRDA:157,7,0,-
BRDA:157,7,1,1
DA:158,1
DA:160,1
DA:162,1
DA:172,4
FN:172,LendingCoreV1.borrow
FNDA:4,LendingCoreV1.borrow
DA:177,4
BRDA:177,8,0,-
BRDA:177,8,1,4
DA:178,4
BRDA:178,9,0,-
BRDA:178,9,1,4
DA:179,4
BRDA:179,10,0,-
BRDA:179,10,1,4
DA:183,4
BRDA:183,11,0,-
BRDA:183,11,1,4
DA:185,4
DA:186,4
DA:189,4
BRDA:189,12,0,-
BRDA:189,12,1,4
DA:190,4
BRDA:190,13,0,-
BRDA:190,13,1,4
DA:192,4
DA:193,4
BRDA:193,14,0,-
BRDA:193,14,1,4
DA:195,4
DA:197,4
DA:203,4
BRDA:203,15,0,1
BRDA:203,15,1,3
DA:205,3
DA:207,3
DA:208,3
DA:209,3
DA:210,3
DA:212,3
DA:213,3
DA:215,3
DA:217,3
DA:219,3
DA:227,1
FN:227,LendingCoreV1.repay
FNDA:1,LendingCoreV1.repay
DA:228,1
BRDA:228,16,0,-
BRDA:228,16,1,1
DA:229,1
BRDA:229,17,0,-
BRDA:229,17,1,1
DA:230,1
BRDA:230,18,0,-
BRDA:230,18,1,1
DA:235,1
DA:236,1
BRDA:236,19,0,-
BRDA:236,19,1,1
DA:238,1
DA:240,1
DA:242,1
BRDA:242,20,0,-
BRDA:242,20,1,1
DA:245,1
DA:247,1
DA:248,1
DA:250,1
BRDA:250,21,0,1
DA:251,1
DA:254,1
DA:263,1
FN:263,LendingCoreV1.liquidate
FNDA:1,LendingCoreV1.liquidate
DA:264,1
DA:266,1
BRDA:266,22,0,-
BRDA:266,22,1,1
DA:267,1
BRDA:267,23,0,-
BRDA:267,23,1,1
DA:272,1
BRDA:272,24,0,-
BRDA:272,24,1,1
DA:277,1
DA:278,1
DA:279,1
BRDA:279,25,0,-
BRDA:279,25,1,1
DA:281,1
DA:282,1
DA:284,1
DA:285,1
DA:288,1
DA:291,1
DA:292,1
BRDA:292,26,0,1
DA:293,1
DA:295,1
DA:298,1
BRDA:298,27,0,-
DA:300,1
BRDA:300,28,0,-
BRDA:300,28,1,1
DA:302,1
DA:304,1
DA:305,1
DA:307,1
DA:308,1
DA:310,1
BRDA:310,29,0,-
DA:311,0
DA:312,0
DA:313,0
DA:314,0
DA:318,1
BRDA:318,30,0,-
DA:320,0
DA:323,1
DA:324,1
DA:325,1
DA:326,1
DA:327,1
DA:329,1
DA:338,7
FN:338,LendingCoreV1.addLiquidity
FNDA:7,LendingCoreV1.addLiquidity
DA:339,7
BRDA:339,31,0,-
BRDA:339,31,1,7
DA:340,7
BRDA:340,32,0,-
BRDA:340,32,1,7
DA:341,7
BRDA:341,33,0,-
BRDA:341,33,1,7
DA:343,7
DA:344,7
DA:352,1
FN:352,LendingCoreV1.removeLiquidity
FNDA:1,LendingCoreV1.removeLiquidity
DA:353,1
DA:355,1
BRDA:355,34,0,-
BRDA:355,34,1,1
DA:356,1
BRDA:356,35,0,-
BRDA:356,35,1,1
DA:357,1
BRDA:357,36,0,-
BRDA:357,36,1,1
DA:358,1
BRDA:358,37,0,-
BRDA:358,37,1,1
DA:360,1
DA:361,1
DA:364,0
FN:364,LendingCoreV1.withdrawLiquidatedCollateral
FNDA:0,LendingCoreV1.withdrawLiquidatedCollateral
DA:368,0
DA:370,0
BRDA:370,38,0,-
BRDA:370,38,1,-
DA:374,0
BRDA:374,39,0,-
BRDA:374,39,1,-
DA:375,0
BRDA:375,40,0,-
BRDA:375,40,1,-
DA:376,0
BRDA:376,41,0,-
BRDA:376,41,1,-
DA:378,0
DA:387,5
FN:387,LendingCoreV1.setLTV
FNDA:5,LendingCoreV1.setLTV
DA:388,5
BRDA:388,42,0,-
BRDA:388,42,1,5
DA:389,5
BRDA:389,43,0,-
BRDA:389,43,1,5
DA:390,5
BRDA:390,44,0,-
BRDA:390,44,1,5
DA:392,5
DA:400,1
FN:400,LendingCoreV1.setLiquidationPenalty
FNDA:1,LendingCoreV1.setLiquidationPenalty
DA:401,1
DA:408,4
FN:408,LendingCoreV1.setMaxBorrowDuration
FNDA:4,LendingCoreV1.setMaxBorrowDuration
DA:409,4
DA:416,0
FN:416,LendingCoreV1.setGracePeriod
FNDA:0,LendingCoreV1.setGracePeriod
DA:417,0
DA:426,8
FN:426,LendingCoreV1.addBorrowToken
FNDA:8,LendingCoreV1.addBorrowToken
DA:427,8
DA:429,8
DA:430,8
DA:432,8
DA:440,0
FN:440,LendingCoreV1.removeBorrowToken
FNDA:0,LendingCoreV1.removeBorrowToken
DA:441,0
DA:442,0
DA:443,0
BRDA:443,45,0,-
DA:444,0
DA:445,0
DA:448,0
DA:451,0
DA:455,0
DA:456,0
DA:464,10
FN:464,LendingCoreV1.addCollateralToken
FNDA:10,LendingCoreV1.addCollateralToken
DA:469,10
DA:470,10
DA:472,10
DA:480,0
FN:480,LendingCoreV1.removeCollateralToken
FNDA:0,LendingCoreV1.removeCollateralToken
DA:481,0
DA:482,0
DA:486,1
FN:486,LendingCoreV1.pause
FNDA:1,LendingCoreV1.pause
DA:487,1
DA:490,1
FN:490,LendingCoreV1.unpause
FNDA:1,LendingCoreV1.unpause
DA:491,1
DA:500,18
FN:500,LendingCoreV1.setCollateralManager
FNDA:18,LendingCoreV1.setCollateralManager
DA:501,18
BRDA:501,46,0,-
BRDA:501,46,1,18
DA:502,18
DA:509,18
FN:509,LendingCoreV1.setPriceOracle
FNDA:18,LendingCoreV1.setPriceOracle
DA:510,18
DA:517,18
FN:517,LendingCoreV1.setInterestRateModel
FNDA:18,LendingCoreV1.setInterestRateModel
DA:518,18
DA:527,9
FN:527,LendingCoreV1._getTotalTokenValueInUsd
FNDA:9,LendingCoreV1._getTotalTokenValueInUsd
DA:528,9
DA:529,9
DA:539,11
FN:539,LendingCoreV1._usdToTokenAmount
FNDA:11,LendingCoreV1._usdToTokenAmount
DA:540,11
DA:541,11
DA:543,11
DA:546,2
FN:546,LendingCoreV1._getHealthFactor
FNDA:2,LendingCoreV1._getHealthFactor
DA:547,2
DA:548,2
DA:549,2
DA:551,1
DA:552,1
DA:555,1
DA:558,1
DA:562,0
FN:562,LendingCoreV1.getBorrowTokens
FNDA:0,LendingCoreV1.getBorrowTokens
DA:563,0
DA:566,1
FN:566,LendingCoreV1.getAvailableSupply
FNDA:1,LendingCoreV1.getAvailableSupply
DA:567,1
DA:570,0
FN:570,LendingCoreV1.getTotalSupply
FNDA:0,LendingCoreV1.getTotalSupply
DA:571,0
DA:574,0
FN:574,LendingCoreV1.getUtilizationBPS
FNDA:0,LendingCoreV1.getUtilizationBPS
DA:575,5
DA:576,5
DA:578,5
DA:580,5
DA:583,4
FN:583,LendingCoreV1.getUserLoan
FNDA:4,LendingCoreV1.getUserLoan
DA:584,4
DA:587,1
FN:587,LendingCoreV1.getCurrentInterestRateBPS
FNDA:1,LendingCoreV1.getCurrentInterestRateBPS
DA:592,1
DA:595,4
FN:595,LendingCoreV1.getMaxBorrowBeforeInterest
FNDA:4,LendingCoreV1.getMaxBorrowBeforeInterest
DA:599,8
DA:600,8
DA:602,8
FNF:34
FNH:27
LF:208
LH:176
BRF:88
BRH:44
end_of_record
TN:
SF:src/core/PriceOracle.sol
DA:33,23
FN:33,PriceOracle.setPriceFeed
FNDA:23,PriceOracle.setPriceFeed
DA:35,22
BRDA:35,0,0,-
DA:36,22
BRDA:36,1,0,-
DA:38,22
DA:39,22
DA:46,1
FN:46,PriceOracle.removePriceFeed
FNDA:1,PriceOracle.removePriceFeed
DA:47,1
BRDA:47,2,0,-
DA:48,1
BRDA:48,3,0,-
DA:50,1
DA:51,1
DA:59,2
FN:59,PriceOracle.getPriceFeed
FNDA:2,PriceOracle.getPriceFeed
DA:60,2
DA:61,2
BRDA:61,4,0,1
DA:70,26
FN:70,PriceOracle.getValue
FNDA:26,PriceOracle.getValue
DA:71,26
DA:72,26
BRDA:72,5,0,1
DA:74,25
DA:75,25
BRDA:75,6,0,1
DA:77,24
DA:79,24
FNF:4
FNH:4
LF:20
LH:20
BRF:7
BRH:3
end_of_record
TN:
SF:src/tellor/TellorUser.sol
DA:29,72
FN:29,TellorUser.constructor
FNDA:72,TellorUser.constructor
DA:31,72
DA:32,72
DA:33,72
DA:34,72
DA:43,25
FN:43,TellorUser.getSpotPrice
FNDA:25,TellorUser.getSpotPrice
DA:46,25
DA:49,25
BRDA:49,0,0,-
DA:52,25
DA:57,25
BRDA:57,1,0,11
BRDA:57,1,1,14
DA:59,11
DA:60,11
DA:63,14
DA:64,14
DA:68,25
BRDA:68,2,0,-
DA:71,25
FNF:2
FNH:2
LF:16
LH:16
BRF:4
BRH:2
end_of_record
TN:
SF:test/fuzz/LendingCoreV1Fuzz.t.sol
DA:77,0
FN:77,LendingCoreV1Fuzz.setUp
FNDA:0,LendingCoreV1Fuzz.setUp
DA:78,0
DA:80,0
DA:85,0
DA:86,0
DA:87,0
DA:90,0
DA:91,0
DA:92,0
DA:93,0
DA:94,0
DA:97,0
DA:99,0
DA:100,0
DA:102,0
DA:104,0
DA:106,0
DA:108,0
DA:109,0
DA:113,0
FN:113,LendingCoreV1Fuzz._setupTokens
FNDA:0,LendingCoreV1Fuzz._setupTokens
DA:114,0
DA:115,0
DA:116,0
DA:117,0
DA:118,0
DA:119,0
DA:122,0
FN:122,LendingCoreV1Fuzz._setupPriceFeeds
FNDA:0,LendingCoreV1Fuzz._setupPriceFeeds
DA:123,0
DA:124,0
DA:125,0
DA:126,0
DA:127,0
DA:128,0
DA:130,0
DA:131,0
DA:132,0
DA:133,0
DA:136,0
DA:137,0
DA:140,0
FN:140,LendingCoreV1Fuzz._setupTokensAndPriceFeeds
FNDA:0,LendingCoreV1Fuzz._setupTokensAndPriceFeeds
DA:141,0
DA:142,0
DA:145,0
FN:145,LendingCoreV1Fuzz._fund
FNDA:0,LendingCoreV1Fuzz._fund
DA:146,0
DA:147,0
DA:148,0
DA:151,0
FN:151,LendingCoreV1Fuzz._approveAndDepositCollateral
FNDA:0,LendingCoreV1Fuzz._approveAndDepositCollateral
DA:152,0
DA:153,0
DA:154,0
DA:155,0
DA:158,0
FN:158,LendingCoreV1Fuzz._addBorrowToken
FNDA:0,LendingCoreV1Fuzz._addBorrowToken
DA:159,0
DA:160,0
DA:161,0
DA:164,0
FN:164,LendingCoreV1Fuzz._addCollateralToken
FNDA:0,LendingCoreV1Fuzz._addCollateralToken
DA:165,0
DA:166,0
DA:167,0
DA:170,0
FN:170,LendingCoreV1Fuzz._setLTV
FNDA:0,LendingCoreV1Fuzz._setLTV
DA:171,0
DA:172,0
DA:173,0
DA:176,0
FN:176,LendingCoreV1Fuzz._setMaxBorrowDuration
FNDA:0,LendingCoreV1Fuzz._setMaxBorrowDuration
DA:177,0
DA:178,0
DA:179,0
DA:182,0
FN:182,LendingCoreV1Fuzz._setGracePeriod
FNDA:0,LendingCoreV1Fuzz._setGracePeriod
DA:183,0
DA:184,0
DA:185,0
DA:188,0
FN:188,LendingCoreV1Fuzz._setLiquidationPenalty
FNDA:0,LendingCoreV1Fuzz._setLiquidationPenalty
DA:189,0
DA:190,0
DA:191,0
DA:194,0
FN:194,LendingCoreV1Fuzz._addLiquidity
FNDA:0,LendingCoreV1Fuzz._addLiquidity
DA:195,0
DA:196,0
DA:197,0
DA:198,0
DA:201,0
FN:201,LendingCoreV1Fuzz._usdToTokenAmount
FNDA:0,LendingCoreV1Fuzz._usdToTokenAmount
DA:202,0
DA:203,0
DA:205,0
FNF:14
FNH:0
LF:84
LH:0
BRF:0
BRH:0
end_of_record
TN:
SF:test/mocks/MockERC20.sol
DA:10,80
FN:10,MockERC20.constructor
FNDA:80,MockERC20.constructor
DA:11,80
DA:14,37
FN:14,MockERC20.decimals
FNDA:37,MockERC20.decimals
DA:15,37
DA:18,17
FN:18,MockERC20.mint
FNDA:17,MockERC20.mint
DA:19,17
FNF:3
FNH:3
LF:6
LH:6
BRF:0
BRH:0
end_of_record
TN:
SF:test/mocks/MockLendingCoreV2.sol
DA:107,1
FN:107,MockLendingCoreV2.constructor
FNDA:1,MockLendingCoreV2.constructor
DA:108,1
DA:111,0
FN:111,MockLendingCoreV2.initialize
FNDA:0,MockLendingCoreV2.initialize
DA:112,0
DA:113,0
DA:114,0
DA:116,0
DA:117,0
DA:118,0
DA:119,0
DA:120,0
DA:121,0
DA:122,0
DA:125,0
FN:125,MockLendingCoreV2._authorizeUpgrade
FNDA:0,MockLendingCoreV2._authorizeUpgrade
DA:129,1
FN:129,MockLendingCoreV2.setNum
FNDA:1,MockLendingCoreV2.setNum
DA:130,1
DA:133,1
FN:133,MockLendingCoreV2.getNum
FNDA:1,MockLendingCoreV2.getNum
DA:134,1
DA:142,0
FN:142,MockLendingCoreV2.depositCollateral
FNDA:0,MockLendingCoreV2.depositCollateral
DA:143,0
BRDA:143,0,0,-
BRDA:143,0,1,-
DA:144,0
BRDA:144,1,0,-
BRDA:144,1,1,-
DA:145,0
BRDA:145,2,0,-
BRDA:145,2,1,-
DA:147,0
DA:148,0
DA:150,0
DA:158,0
FN:158,MockLendingCoreV2.withdrawCollateral
FNDA:0,MockLendingCoreV2.withdrawCollateral
DA:159,0
DA:161,0
BRDA:161,3,0,-
BRDA:161,3,1,-
DA:162,0
BRDA:162,4,0,-
BRDA:162,4,1,-
DA:163,0
BRDA:163,5,0,-
BRDA:163,5,1,-
DA:164,0
BRDA:164,6,0,-
BRDA:164,6,1,-
DA:166,0
DA:167,0
DA:168,0
BRDA:168,7,0,-
BRDA:168,7,1,-
DA:169,0
DA:171,0
DA:173,0
DA:183,0
FN:183,MockLendingCoreV2.borrow
FNDA:0,MockLendingCoreV2.borrow
DA:188,0
BRDA:188,8,0,-
BRDA:188,8,1,-
DA:189,0
BRDA:189,9,0,-
BRDA:189,9,1,-
DA:190,0
BRDA:190,10,0,-
BRDA:190,10,1,-
DA:194,0
BRDA:194,11,0,-
BRDA:194,11,1,-
DA:196,0
DA:197,0
DA:200,0
BRDA:200,12,0,-
BRDA:200,12,1,-
DA:201,0
BRDA:201,13,0,-
BRDA:201,13,1,-
DA:203,0
DA:204,0
BRDA:204,14,0,-
BRDA:204,14,1,-
DA:206,0
DA:208,0
DA:214,0
BRDA:214,15,0,-
BRDA:214,15,1,-
DA:216,0
DA:218,0
DA:219,0
DA:220,0
DA:221,0
DA:223,0
DA:224,0
DA:226,0
DA:228,0
DA:230,0
DA:238,0
FN:238,MockLendingCoreV2.repay
FNDA:0,MockLendingCoreV2.repay
DA:239,0
BRDA:239,16,0,-
BRDA:239,16,1,-
DA:240,0
BRDA:240,17,0,-
BRDA:240,17,1,-
DA:241,0
BRDA:241,18,0,-
BRDA:241,18,1,-
DA:246,0
DA:247,0
BRDA:247,19,0,-
BRDA:247,19,1,-
DA:249,0
DA:251,0
DA:253,0
BRDA:253,20,0,-
BRDA:253,20,1,-
DA:256,0
DA:258,0
DA:259,0
DA:261,0
BRDA:261,21,0,-
DA:262,0
DA:265,0
DA:274,0
FN:274,MockLendingCoreV2.liquidate
FNDA:0,MockLendingCoreV2.liquidate
DA:275,0
DA:277,0
BRDA:277,22,0,-
BRDA:277,22,1,-
DA:278,0
BRDA:278,23,0,-
BRDA:278,23,1,-
DA:283,0
BRDA:283,24,0,-
BRDA:283,24,1,-
DA:288,0
DA:289,0
DA:290,0
BRDA:290,25,0,-
BRDA:290,25,1,-
DA:292,0
DA:293,0
DA:295,0
DA:296,0
DA:299,0
DA:302,0
DA:303,0
BRDA:303,26,0,-
DA:304,0
DA:306,0
DA:309,0
BRDA:309,27,0,-
DA:311,0
BRDA:311,28,0,-
BRDA:311,28,1,-
DA:313,0
DA:315,0
DA:316,0
DA:318,0
DA:319,0
DA:321,0
BRDA:321,29,0,-
DA:322,0
DA:323,0
DA:324,0
DA:325,0
DA:329,0
BRDA:329,30,0,-
DA:331,0
DA:334,0
DA:335,0
DA:336,0
DA:337,0
DA:338,0
DA:340,0
DA:349,0
FN:349,MockLendingCoreV2.addLiquidity
FNDA:0,MockLendingCoreV2.addLiquidity
DA:350,0
BRDA:350,31,0,-
BRDA:350,31,1,-
DA:351,0
BRDA:351,32,0,-
BRDA:351,32,1,-
DA:352,0
BRDA:352,33,0,-
BRDA:352,33,1,-
DA:354,0
DA:355,0
DA:363,0
FN:363,MockLendingCoreV2.removeLiquidity
FNDA:0,MockLendingCoreV2.removeLiquidity
DA:364,0
DA:366,0
BRDA:366,34,0,-
BRDA:366,34,1,-
DA:367,0
BRDA:367,35,0,-
BRDA:367,35,1,-
DA:368,0
BRDA:368,36,0,-
BRDA:368,36,1,-
DA:369,0
BRDA:369,37,0,-
BRDA:369,37,1,-
DA:371,0
DA:372,0
DA:375,0
FN:375,MockLendingCoreV2.withdrawLiquidatedCollateral
FNDA:0,MockLendingCoreV2.withdrawLiquidatedCollateral
DA:379,0
DA:381,0
BRDA:381,38,0,-
BRDA:381,38,1,-
DA:385,0
BRDA:385,39,0,-
BRDA:385,39,1,-
DA:386,0
BRDA:386,40,0,-
BRDA:386,40,1,-
DA:387,0
BRDA:387,41,0,-
BRDA:387,41,1,-
DA:389,0
DA:398,0
FN:398,MockLendingCoreV2.setLTV
FNDA:0,MockLendingCoreV2.setLTV
DA:399,0
BRDA:399,42,0,-
BRDA:399,42,1,-
DA:400,0
BRDA:400,43,0,-
BRDA:400,43,1,-
DA:401,0
BRDA:401,44,0,-
BRDA:401,44,1,-
DA:403,0
DA:411,0
FN:411,MockLendingCoreV2.setLiquidationPenalty
FNDA:0,MockLendingCoreV2.setLiquidationPenalty
DA:412,0
DA:419,0
FN:419,MockLendingCoreV2.setMaxBorrowDuration
FNDA:0,MockLendingCoreV2.setMaxBorrowDuration
DA:420,0
DA:427,0
FN:427,MockLendingCoreV2.setGracePeriod
FNDA:0,MockLendingCoreV2.setGracePeriod
DA:428,0
DA:437,0
FN:437,MockLendingCoreV2.addBorrowToken
FNDA:0,MockLendingCoreV2.addBorrowToken
DA:438,0
DA:440,0
DA:441,0
DA:443,0
DA:451,0
FN:451,MockLendingCoreV2.removeBorrowToken
FNDA:0,MockLendingCoreV2.removeBorrowToken
DA:452,0
DA:453,0
DA:454,0
BRDA:454,45,0,-
DA:455,0
DA:456,0
DA:459,0
DA:462,0
DA:466,0
DA:467,0
DA:475,0
FN:475,MockLendingCoreV2.addCollateralToken
FNDA:0,MockLendingCoreV2.addCollateralToken
DA:480,0
DA:481,0
DA:483,0
DA:491,0
FN:491,MockLendingCoreV2.removeCollateralToken
FNDA:0,MockLendingCoreV2.removeCollateralToken
DA:492,0
DA:493,0
DA:497,0
FN:497,MockLendingCoreV2.pause
FNDA:0,MockLendingCoreV2.pause
DA:498,0
DA:501,0
FN:501,MockLendingCoreV2.unpause
FNDA:0,MockLendingCoreV2.unpause
DA:502,0
DA:511,0
FN:511,MockLendingCoreV2.setCollateralManager
FNDA:0,MockLendingCoreV2.setCollateralManager
DA:512,0
BRDA:512,46,0,-
BRDA:512,46,1,-
DA:513,0
DA:520,0
FN:520,MockLendingCoreV2.setPriceOracle
FNDA:0,MockLendingCoreV2.setPriceOracle
DA:521,0
DA:528,0
FN:528,MockLendingCoreV2.setInterestRateModel
FNDA:0,MockLendingCoreV2.setInterestRateModel
DA:529,0
DA:538,0
FN:538,MockLendingCoreV2._getTotalTokenValueInUsd
FNDA:0,MockLendingCoreV2._getTotalTokenValueInUsd
DA:539,0
DA:540,0
DA:550,0
FN:550,MockLendingCoreV2._usdToTokenAmount
FNDA:0,MockLendingCoreV2._usdToTokenAmount
DA:551,0
DA:552,0
DA:554,0
DA:557,0
FN:557,MockLendingCoreV2._getHealthFactor
FNDA:0,MockLendingCoreV2._getHealthFactor
DA:558,0
DA:559,0
DA:560,0
DA:562,0
DA:563,0
DA:566,0
DA:569,0
DA:573,0
FN:573,MockLendingCoreV2.getBorrowTokens
FNDA:0,MockLendingCoreV2.getBorrowTokens
DA:574,0
DA:577,0
FN:577,MockLendingCoreV2.getAvailableSupply
FNDA:0,MockLendingCoreV2.getAvailableSupply
DA:578,0
DA:581,0
FN:581,MockLendingCoreV2.getTotalSupply
FNDA:0,MockLendingCoreV2.getTotalSupply
DA:582,0
DA:585,0
FN:585,MockLendingCoreV2.getUtilizationBPS
FNDA:0,MockLendingCoreV2.getUtilizationBPS
DA:586,0
DA:587,0
DA:589,0
DA:591,0
DA:594,0
FN:594,MockLendingCoreV2.getUserLoan
FNDA:0,MockLendingCoreV2.getUserLoan
DA:595,0
DA:598,0
FN:598,MockLendingCoreV2.getCurrentInterestRateBPS
FNDA:0,MockLendingCoreV2.getCurrentInterestRateBPS
DA:603,0
DA:606,0
FN:606,MockLendingCoreV2.getMaxBorrowBeforeInterest
FNDA:0,MockLendingCoreV2.getMaxBorrowBeforeInterest
DA:610,0
DA:611,0
DA:613,0
FNF:36
FNH:3
LF:212
LH:6
BRF:88
BRH:0
end_of_record
